Arguments: 
  C:\Program Files\nodejs\node.exe C:\Users\Henry Aguirre\AppData\Roaming\npm\node_modules\yarn\bin\yarn.js install

PATH: 
  C:\Users\Henry Aguirre\bin;C:\Program Files\Git\mingw64\bin;C:\Program Files\Git\usr\local\bin;C:\Program Files\Git\usr\bin;C:\Program Files\Git\usr\bin;C:\Program Files\Git\mingw64\bin;C:\Program Files\Git\usr\bin;C:\Users\Henry Aguirre\bin;C:\Program Files (x86)\Intel\iCLS Client;C:\Program Files\Intel\iCLS Client;C:\WINDOWS\system32;C:\WINDOWS;C:\WINDOWS\System32\Wbem;C:\WINDOWS\System32\WindowsPowerShell\v1.0;C:\Program Files (x86)\Intel\Intel(R) Management Engine Components\DAL;C:\Program Files\Intel\Intel(R) Management Engine Components\DAL;C:\Program Files (x86)\Intel\Intel(R) Management Engine Components\IPT;C:\Program Files\Intel\Intel(R) Management Engine Components\IPT;C:\Program Files\nodejs;C:\Program Files\MongoDB\Server\3.6\bin;C:\Program Files\Git\cmd;C:\Users\Henry Aguirre\AppData\Local\Microsoft\WindowsApps;C:\Program Files\Heroku\bin;C:\Users\Henry Aguirre\AppData\Roaming\npm;C:\Program Files\Git\usr\bin\vendor_perl;C:\Program Files\Git\usr\bin\core_perl

Yarn version: 
  1.5.1

Node version: 
  8.9.1

Platform: 
  win32 x64

npm manifest: 
  {
    "name": "reactportfolio",
    "version": "1.0.0",
    "description": "personal portfilio",
    "main": "server.js",
    "scripts": {
      "server": "node server.js",
      "client": "cd client && npm run start",
      "start": "nodemon server.js",
      "build": "cd client && npm run build",
      "test": "echo \"Error: no test specified\" && exit 1",
      "installDeps": "yarn && cd client && yarn",
    },
    "repository": {
      "type": "git",
      "url": "git+https://github.com/aguirreh8/ReactPortfolio.git"
    },
    "author": "Henry Aguirre",
    "license": "ISC",
    "bugs": {
      "url": "https://github.com/aguirreh8/ReactPortfolio/issues"
    },
    "homepage": "https://github.com/aguirreh8/ReactPortfolio#readme",
    "dependencies": {
      "body-parser": "^1.18.2",
      "express": "^4.16.3",
      "nodemailer": "^4.6.4",
      "xoauth2": "^1.2.0"
    }
  }

yarn manifest: 
  No manifest

Lockfile: 
  No lockfile

Trace: 
  SyntaxError: C:\Users\Henry Aguirre\code\ReactPortfolio\package.json: Unexpected token } in JSON at position 391
      at JSON.parse (<anonymous>)
      at C:\Users\Henry Aguirre\AppData\Roaming\npm\node_modules\yarn\lib\cli.js:1036:59
      at Generator.next (<anonymous>)
      at step (C:\Users\Henry Aguirre\AppData\Roaming\npm\node_modules\yarn\lib\cli.js:98:30)
      at C:\Users\Henry Aguirre\AppData\Roaming\npm\node_modules\yarn\lib\cli.js:109:13
      at <anonymous>
